2025-08-19 14:39:16,200 INFO RPC interface 'supervisor' initialized
2025-08-19 14:39:16,201 CRIT Server 'unix_http_server' running without any HTTP authentication checking
2025-08-19 14:39:16,203 INFO daemonizing the supervisord process
2025-08-19 14:39:16,204 INFO supervisord started with pid 3171
2025-08-19 14:39:17,208 INFO spawned: 'webserver' with pid 3173
2025-08-19 14:39:17,319 WARN exited: webserver (exit status 1; not expected)
2025-08-19 14:39:18,323 INFO spawned: 'webserver' with pid 3199
2025-08-19 14:39:19,431 INFO success: webserver entered RUNNING state, process has stayed up for > than 1 seconds (startsecs)
2025-08-19 14:39:19,431 WARN exited: webserver (exit status 1; not expected)
2025-08-19 14:39:20,434 INFO spawned: 'webserver' with pid 3222
2025-08-19 14:39:20,544 WARN exited: webserver (exit status 1; not expected)
2025-08-19 14:39:21,547 INFO spawned: 'webserver' with pid 3223
2025-08-19 14:39:21,677 WARN exited: webserver (exit status 1; not expected)
2025-08-19 14:39:23,682 INFO spawned: 'webserver' with pid 3230
2025-08-19 14:39:23,788 WARN exited: webserver (exit status 1; not expected)
2025-08-19 14:39:26,794 INFO spawned: 'webserver' with pid 3234
2025-08-19 14:39:26,906 WARN exited: webserver (exit status 1; not expected)
2025-08-19 14:39:27,907 INFO gave up: webserver entered FATAL state, too many start retries too quickly
2025-08-19 23:41:57,830 INFO RPC interface 'supervisor' initialized
2025-08-19 23:41:57,830 CRIT Server 'unix_http_server' running without any HTTP authentication checking
2025-08-19 23:41:57,832 INFO daemonizing the supervisord process
2025-08-19 23:41:57,833 INFO supervisord started with pid 2371
2025-08-19 23:41:58,836 INFO spawned: 'webserver' with pid 2373
2025-08-19 23:41:58,936 WARN exited: webserver (exit status 1; not expected)
2025-08-19 23:41:59,939 INFO spawned: 'webserver' with pid 2375
2025-08-19 23:42:00,037 WARN exited: webserver (exit status 1; not expected)
2025-08-19 23:42:02,041 INFO spawned: 'webserver' with pid 2378
2025-08-19 23:42:02,137 WARN exited: webserver (exit status 1; not expected)
2025-08-19 23:42:05,143 INFO spawned: 'webserver' with pid 2382
2025-08-19 23:42:05,267 WARN exited: webserver (exit status 1; not expected)
2025-08-19 23:42:06,269 INFO gave up: webserver entered FATAL state, too many start retries too quickly
2025-08-19 23:51:02,944 WARN For [program:webserver], redirect_stderr=true but stderr_logfile has also been set to a filename, the filename has been ignored
2025-08-19 23:51:02,949 INFO RPC interface 'supervisor' initialized
2025-08-19 23:51:02,949 CRIT Server 'unix_http_server' running without any HTTP authentication checking
2025-08-19 23:51:02,953 INFO daemonizing the supervisord process
2025-08-19 23:51:02,955 INFO supervisord started with pid 3040
2025-08-19 23:51:03,959 INFO spawned: 'webserver' with pid 3042
2025-08-19 23:51:04,059 WARN exited: webserver (exit status 1; not expected)
2025-08-19 23:51:05,063 INFO spawned: 'webserver' with pid 3044
2025-08-19 23:51:05,163 WARN exited: webserver (exit status 1; not expected)
2025-08-19 23:51:07,168 INFO spawned: 'webserver' with pid 3047
2025-08-19 23:51:07,275 WARN exited: webserver (exit status 1; not expected)
2025-08-19 23:51:10,497 INFO spawned: 'webserver' with pid 3054
2025-08-19 23:51:10,600 WARN exited: webserver (exit status 1; not expected)
2025-08-19 23:51:11,602 INFO gave up: webserver entered FATAL state, too many start retries too quickly
2025-08-19 23:51:34,017 INFO spawned: 'webserver' with pid 3087
2025-08-19 23:51:35,107 INFO success: webserver entered RUNNING state, process has stayed up for > than 1 seconds (startsecs)
2025-08-20 02:35:38,958 INFO waiting for webserver to stop
2025-08-20 02:35:38,959 WARN stopped: webserver (terminated by SIGTERM)
2025-08-20 02:35:38,963 INFO spawned: 'webserver' with pid 13577
2025-08-20 02:35:40,044 INFO success: webserver entered RUNNING state, process has stayed up for > than 1 seconds (startsecs)
